<?xml version="1.0" encoding="UTF-8"?>
<!-- Generated by org.testng.reporters.JUnitReportReporter -->
<testsuite hostname="WV652" name="TestCases.CheckOut12398_07_a" tests="1" failures="0" timestamp="7 Oct 2016 12:55:33 GMT" time="64.840" errors="0">
  <testcase name="verifyCheckoutArrowsFunctions" time="64.840" classname="TestCases.CheckOut12398_07_a"/>
</testsuite> <!-- TestCases.CheckOut12398_07_a -->
