<?xml version="1.0" encoding="UTF-8"?>
<!-- Generated by org.testng.reporters.JUnitReportReporter -->
<testsuite hostname="WV652" name="TestCases.HomepageGUI" tests="1" failures="0" timestamp="13 Dec 2016 11:13:25 GMT" time="27.633" errors="0">
  <testcase name="homePageGui" time="27.633" classname="TestCases.HomepageGUI"/>
</testsuite> <!-- TestCases.HomepageGUI -->
