<?xml version="1.0" encoding="UTF-8"?>
<!-- Generated by org.testng.reporters.JUnitReportReporter -->
<testsuite hostname="WV652" name="TestCases.MyAccount12398_02_c" tests="1" failures="0" timestamp="7 Oct 2016 12:55:33 GMT" time="14.981" errors="0">
  <testcase name="verifyEmptyWishList" time="14.981" classname="TestCases.MyAccount12398_02_c"/>
</testsuite> <!-- TestCases.MyAccount12398_02_c -->
