<?xml version="1.0" encoding="UTF-8"?>
<!-- Generated by org.testng.reporters.JUnitReportReporter -->
<testsuite hostname="WV652" name="TestCases.MyAccount12398_02_g" tests="1" failures="0" timestamp="7 Oct 2016 12:55:33 GMT" time="21.092" errors="0">
  <testcase name="verifyBestellungen" time="21.092" classname="TestCases.MyAccount12398_02_g"/>
</testsuite> <!-- TestCases.MyAccount12398_02_g -->
