<?xml version="1.0" encoding="UTF-8"?>
<!-- Generated by org.testng.reporters.JUnitReportReporter -->
<testsuite hostname="WV652" name="TestCases.CheckOut12398_07_c" tests="1" failures="0" timestamp="7 Oct 2016 12:55:33 GMT" time="99.494" errors="0">
  <testcase name="verifyProductPriceForMultipleCount" time="99.494" classname="TestCases.CheckOut12398_07_c"/>
</testsuite> <!-- TestCases.CheckOut12398_07_c -->
