<?xml version="1.0" encoding="UTF-8"?>
<!-- Generated by org.testng.reporters.JUnitReportReporter -->
<testsuite hostname="WV652" name="TestCases.CheckOut12398_07" tests="1" failures="0" timestamp="7 Oct 2016 12:55:33 GMT" time="60.920" errors="0">
  <testcase name="verifyCheckOutwithLogin_ShippingPage" time="60.920" classname="TestCases.CheckOut12398_07"/>
</testsuite> <!-- TestCases.CheckOut12398_07 -->
