<?xml version="1.0" encoding="UTF-8"?>
<!-- Generated by org.testng.reporters.JUnitReportReporter -->
<testsuite hostname="WV652" name="TestCases.Categories12398_05_f" tests="1" failures="0" timestamp="7 Oct 2016 12:55:33 GMT" time="24.068" errors="0">
  <testcase name="verifySubCategoryTopSellerProducts" time="24.068" classname="TestCases.Categories12398_05_f"/>
</testsuite> <!-- TestCases.Categories12398_05_f -->
