<?xml version="1.0" encoding="UTF-8"?>
<!-- Generated by org.testng.reporters.JUnitReportReporter -->
<testsuite hostname="WV652" name="TestCases.TestClass" tests="1" failures="0" timestamp="29 Sep 2016 06:30:59 GMT" time="92.095" errors="0">
  <testcase name="testingAlert" time="92.095" classname="TestCases.TestClass"/>
</testsuite> <!-- TestCases.TestClass -->
