<?xml version="1.0" encoding="UTF-8"?>
<!-- Generated by org.testng.reporters.JUnitReportReporter -->
<testsuite hostname="WV652" name="TestCases.MyAccount12398_02_a" tests="2" failures="0" timestamp="7 Oct 2016 12:55:33 GMT" time="38.096" errors="0">
  <testcase name="loginBlockercheck" time="18.400" classname="TestCases.MyAccount12398_02_a"/>
  <testcase name="loginTest" time="19.696" classname="TestCases.MyAccount12398_02_a"/>
</testsuite> <!-- TestCases.MyAccount12398_02_a -->
