<?xml version="1.0" encoding="UTF-8"?>
<!-- Generated by org.testng.reporters.JUnitReportReporter -->
<testsuite hostname="WV652" name="TestCases.NewTest" tests="1" failures="0" timestamp="21 Nov 2016 10:30:13 GMT" time="22.896" errors="0">
  <testcase name="f" time="22.896" classname="TestCases.NewTest"/>
</testsuite> <!-- TestCases.NewTest -->
