<?xml version="1.0" encoding="UTF-8"?>
<!-- Generated by org.testng.reporters.JUnitReportReporter -->
<testsuite hostname="WV652" name="TestCases.MyAccount12398_02_f" tests="1" failures="0" timestamp="7 Nov 2016 13:20:16 GMT" time="35.761" errors="0">
  <testcase name="verifyPersonalInformation" time="35.761" classname="TestCases.MyAccount12398_02_f"/>
</testsuite> <!-- TestCases.MyAccount12398_02_f -->
