<?xml version="1.0" encoding="UTF-8"?>
<!-- Generated by org.testng.reporters.JUnitReportReporter -->
<testsuite hostname="WV652" name="TestCases.demo" tests="1" failures="0" timestamp="14 Sep 2016 11:16:12 GMT" time="11.799" errors="0">
  <testcase name="test2" time="11.799" classname="TestCases.demo"/>
</testsuite> <!-- TestCases.demo -->
