<?xml version="1.0" encoding="UTF-8"?>
<!-- Generated by org.testng.reporters.JUnitReportReporter -->
<testsuite hostname="WV652" name="TestCases.Categories12398_05_a" tests="1" failures="0" timestamp="7 Oct 2016 12:55:33 GMT" time="59.984" errors="0">
  <testcase name="verifyMouseHoverTopCategories" time="59.984" classname="TestCases.Categories12398_05_a"/>
</testsuite> <!-- TestCases.Categories12398_05_a -->
