<?xml version="1.0" encoding="UTF-8"?>
<!-- Generated by org.testng.reporters.JUnitReportReporter -->
<testsuite hostname="WV652" name="TestCases.MyAccount12398_02" tests="2" failures="0" timestamp="7 Oct 2016 12:55:33 GMT" time="35.891" errors="0">
  <testcase name="Registration_MandatoryFieldsCheck" time="15.649" classname="TestCases.MyAccount12398_02"/>
  <testcase name="CreateAccount" time="20.242" classname="TestCases.MyAccount12398_02"/>
</testsuite> <!-- TestCases.MyAccount12398_02 -->
