<?xml version="1.0" encoding="UTF-8"?>
<!-- Generated by org.testng.reporters.JUnitReportReporter -->
<testsuite hostname="WV652" name="TestCases.ProductDetailGUI" tests="1" failures="0" timestamp="14 Dec 2016 06:48:38 GMT" time="40.995" errors="0">
  <testcase name="verifyProductDetailGUI" time="40.995" classname="TestCases.ProductDetailGUI"/>
</testsuite> <!-- TestCases.ProductDetailGUI -->
