<?xml version="1.0" encoding="UTF-8"?>
<!-- Generated by org.testng.reporters.JUnitReportReporter -->
<testsuite hostname="WV652" name="TestCases.HomepageGUI" tests="1" failures="0" timestamp="14 Dec 2016 06:48:38 GMT" time="17.363" errors="0">
  <testcase name="homePageGui" time="17.363" classname="TestCases.HomepageGUI"/>
</testsuite> <!-- TestCases.HomepageGUI -->
