<?xml version="1.0" encoding="UTF-8"?>
<!-- Generated by org.testng.reporters.JUnitReportReporter -->
<testsuite hostname="WV652" name="TestCases.WishlistGUI" tests="1" failures="0" timestamp="14 Dec 2016 10:09:59 GMT" time="54.701" errors="0">
  <testcase name="verifyfilledWishlist" time="54.701" classname="TestCases.WishlistGUI"/>
</testsuite> <!-- TestCases.WishlistGUI -->
